[24-Apr-2023 23:32:15 Pacific/Auckland] PHP Warning:  Undefined array key "ai_chat" in /home/simpunter7/dev.bentattersfield.com/php/app/home.php on line 107
[24-Apr-2023 23:32:15 Pacific/Auckland] PHP Warning:  Undefined array key "ai_code" in /home/simpunter7/dev.bentattersfield.com/php/app/home.php on line 108
[24-Apr-2023 23:32:15 Pacific/Auckland] PHP Warning:  Undefined array key "show_ads" in /home/simpunter7/dev.bentattersfield.com/php/app/home.php on line 109
[24-Apr-2023 23:32:15 Pacific/Auckland] PHP Warning:  Undefined array key "live_chat" in /home/simpunter7/dev.bentattersfield.com/php/app/home.php on line 110
[24-Apr-2023 23:32:15 Pacific/Auckland] PHP Warning:  Undefined array key "ai_speech_to_text_limit" in /home/simpunter7/dev.bentattersfield.com/php/app/home.php on line 114
[24-Apr-2023 23:32:15 Pacific/Auckland] PHP Warning:  Undefined array key "ai_speech_to_text_limit" in /home/simpunter7/dev.bentattersfield.com/php/app/home.php on line 114
[24-Apr-2023 23:32:15 Pacific/Auckland] PHP Warning:  Undefined array key "ai_speech_to_text_file_limit" in /home/simpunter7/dev.bentattersfield.com/php/app/home.php on line 115
[24-Apr-2023 23:32:15 Pacific/Auckland] PHP Warning:  Undefined array key "ai_speech_to_text_file_limit" in /home/simpunter7/dev.bentattersfield.com/php/app/home.php on line 115
[24-Apr-2023 23:32:15 Pacific/Auckland] PHP Warning:  Undefined array key "ai_chat" in /home/simpunter7/dev.bentattersfield.com/php/app/home.php on line 155
[24-Apr-2023 23:32:15 Pacific/Auckland] PHP Warning:  Undefined array key "ai_code" in /home/simpunter7/dev.bentattersfield.com/php/app/home.php on line 156
[24-Apr-2023 23:32:15 Pacific/Auckland] PHP Warning:  Undefined array key "show_ads" in /home/simpunter7/dev.bentattersfield.com/php/app/home.php on line 157
[24-Apr-2023 23:32:15 Pacific/Auckland] PHP Warning:  Undefined array key "live_chat" in /home/simpunter7/dev.bentattersfield.com/php/app/home.php on line 158
[24-Apr-2023 23:32:15 Pacific/Auckland] PHP Warning:  Undefined array key "ai_speech_to_text_limit" in /home/simpunter7/dev.bentattersfield.com/php/app/home.php on line 162
[24-Apr-2023 23:32:15 Pacific/Auckland] PHP Warning:  Undefined array key "ai_speech_to_text_limit" in /home/simpunter7/dev.bentattersfield.com/php/app/home.php on line 162
[24-Apr-2023 23:32:15 Pacific/Auckland] PHP Warning:  Undefined array key "ai_speech_to_text_file_limit" in /home/simpunter7/dev.bentattersfield.com/php/app/home.php on line 163
[24-Apr-2023 23:32:15 Pacific/Auckland] PHP Warning:  Undefined array key "ai_speech_to_text_file_limit" in /home/simpunter7/dev.bentattersfield.com/php/app/home.php on line 163
[24-Apr-2023 23:32:15 Pacific/Auckland] PHP Warning:  Undefined array key "ai_chat" in /home/simpunter7/dev.bentattersfield.com/php/app/home.php on line 213
[24-Apr-2023 23:32:15 Pacific/Auckland] PHP Warning:  Undefined array key "ai_code" in /home/simpunter7/dev.bentattersfield.com/php/app/home.php on line 214
[24-Apr-2023 23:32:15 Pacific/Auckland] PHP Warning:  Undefined array key "show_ads" in /home/simpunter7/dev.bentattersfield.com/php/app/home.php on line 215
[24-Apr-2023 23:32:15 Pacific/Auckland] PHP Warning:  Undefined array key "live_chat" in /home/simpunter7/dev.bentattersfield.com/php/app/home.php on line 216
[24-Apr-2023 23:32:15 Pacific/Auckland] PHP Warning:  Undefined array key "ai_speech_to_text_limit" in /home/simpunter7/dev.bentattersfield.com/php/app/home.php on line 220
[24-Apr-2023 23:32:15 Pacific/Auckland] PHP Warning:  Undefined array key "ai_speech_to_text_limit" in /home/simpunter7/dev.bentattersfield.com/php/app/home.php on line 220
[24-Apr-2023 23:32:15 Pacific/Auckland] PHP Warning:  Undefined array key "ai_speech_to_text_file_limit" in /home/simpunter7/dev.bentattersfield.com/php/app/home.php on line 221
[24-Apr-2023 23:32:15 Pacific/Auckland] PHP Warning:  Undefined array key "ai_speech_to_text_file_limit" in /home/simpunter7/dev.bentattersfield.com/php/app/home.php on line 221
[24-Apr-2023 23:32:15 Pacific/Auckland] PHP Warning:  Undefined array key "show_ads" in /home/simpunter7/dev.bentattersfield.com/includes/functions/func.global.php on line 3224
[24-Apr-2023 23:32:15 Pacific/Auckland] PHP Warning:  Undefined array key "show_ads" in /home/simpunter7/dev.bentattersfield.com/includes/functions/func.global.php on line 3224
[24-Apr-2023 23:32:15 Pacific/Auckland] PHP Warning:  Undefined array key "show_ads" in /home/simpunter7/dev.bentattersfield.com/includes/functions/func.global.php on line 3224
[24-Apr-2023 23:32:15 Pacific/Auckland] PHP Warning:  Undefined array key "show_ads" in /home/simpunter7/dev.bentattersfield.com/includes/functions/func.global.php on line 3224
[24-Apr-2023 23:32:15 Pacific/Auckland] PHP Warning:  Undefined array key "show_ads" in /home/simpunter7/dev.bentattersfield.com/includes/functions/func.global.php on line 3224
[24-Apr-2023 23:32:15 Pacific/Auckland] PHP Warning:  Undefined array key "enable_live_chat" in /home/simpunter7/dev.bentattersfield.com/templates/classic-theme/index.php on line 351
[24-Apr-2023 23:32:15 Pacific/Auckland] PHP Warning:  Undefined array key "enable_live_chat" in /home/simpunter7/dev.bentattersfield.com/templates/classic-theme/index.php on line 351
[24-Apr-2023 23:32:15 Pacific/Auckland] PHP Warning:  Undefined array key "enable_live_chat" in /home/simpunter7/dev.bentattersfield.com/templates/classic-theme/index.php on line 351
[24-Apr-2023 23:32:15 Pacific/Auckland] PHP Warning:  Undefined array key "show_ads" in /home/simpunter7/dev.bentattersfield.com/includes/functions/func.global.php on line 3224
[24-Apr-2023 23:32:15 Pacific/Auckland] PHP Warning:  Undefined array key "show_ads" in /home/simpunter7/dev.bentattersfield.com/includes/functions/func.global.php on line 3224
[24-Apr-2023 23:32:15 Pacific/Auckland] PHP Warning:  Undefined array key "show_ads" in /home/simpunter7/dev.bentattersfield.com/includes/functions/func.global.php on line 3224
[24-Apr-2023 23:32:15 Pacific/Auckland] PHP Warning:  Undefined array key "show_ads" in /home/simpunter7/dev.bentattersfield.com/includes/functions/func.global.php on line 3224
[24-Apr-2023 23:43:18 Pacific/Auckland] PHP Warning:  Undefined array key "ai_chat" in /home/simpunter7/dev.bentattersfield.com/php/app/home.php on line 107
[24-Apr-2023 23:43:18 Pacific/Auckland] PHP Warning:  Undefined array key "ai_code" in /home/simpunter7/dev.bentattersfield.com/php/app/home.php on line 108
[24-Apr-2023 23:43:18 Pacific/Auckland] PHP Warning:  Undefined array key "show_ads" in /home/simpunter7/dev.bentattersfield.com/php/app/home.php on line 109
[24-Apr-2023 23:43:18 Pacific/Auckland] PHP Warning:  Undefined array key "live_chat" in /home/simpunter7/dev.bentattersfield.com/php/app/home.php on line 110
[24-Apr-2023 23:43:18 Pacific/Auckland] PHP Warning:  Undefined array key "ai_speech_to_text_limit" in /home/simpunter7/dev.bentattersfield.com/php/app/home.php on line 114
[24-Apr-2023 23:43:18 Pacific/Auckland] PHP Warning:  Undefined array key "ai_speech_to_text_limit" in /home/simpunter7/dev.bentattersfield.com/php/app/home.php on line 114
[24-Apr-2023 23:43:18 Pacific/Auckland] PHP Warning:  Undefined array key "ai_speech_to_text_file_limit" in /home/simpunter7/dev.bentattersfield.com/php/app/home.php on line 115
[24-Apr-2023 23:43:18 Pacific/Auckland] PHP Warning:  Undefined array key "ai_speech_to_text_file_limit" in /home/simpunter7/dev.bentattersfield.com/php/app/home.php on line 115
[24-Apr-2023 23:43:18 Pacific/Auckland] PHP Warning:  Undefined array key "ai_chat" in /home/simpunter7/dev.bentattersfield.com/php/app/home.php on line 155
[24-Apr-2023 23:43:18 Pacific/Auckland] PHP Warning:  Undefined array key "ai_code" in /home/simpunter7/dev.bentattersfield.com/php/app/home.php on line 156
[24-Apr-2023 23:43:18 Pacific/Auckland] PHP Warning:  Undefined array key "show_ads" in /home/simpunter7/dev.bentattersfield.com/php/app/home.php on line 157
[24-Apr-2023 23:43:18 Pacific/Auckland] PHP Warning:  Undefined array key "live_chat" in /home/simpunter7/dev.bentattersfield.com/php/app/home.php on line 158
[24-Apr-2023 23:43:18 Pacific/Auckland] PHP Warning:  Undefined array key "ai_speech_to_text_limit" in /home/simpunter7/dev.bentattersfield.com/php/app/home.php on line 162
[24-Apr-2023 23:43:18 Pacific/Auckland] PHP Warning:  Undefined array key "ai_speech_to_text_limit" in /home/simpunter7/dev.bentattersfield.com/php/app/home.php on line 162
[24-Apr-2023 23:43:18 Pacific/Auckland] PHP Warning:  Undefined array key "ai_speech_to_text_file_limit" in /home/simpunter7/dev.bentattersfield.com/php/app/home.php on line 163
[24-Apr-2023 23:43:18 Pacific/Auckland] PHP Warning:  Undefined array key "ai_speech_to_text_file_limit" in /home/simpunter7/dev.bentattersfield.com/php/app/home.php on line 163
[24-Apr-2023 23:43:18 Pacific/Auckland] PHP Warning:  Undefined array key "ai_chat" in /home/simpunter7/dev.bentattersfield.com/php/app/home.php on line 213
[24-Apr-2023 23:43:18 Pacific/Auckland] PHP Warning:  Undefined array key "ai_code" in /home/simpunter7/dev.bentattersfield.com/php/app/home.php on line 214
[24-Apr-2023 23:43:18 Pacific/Auckland] PHP Warning:  Undefined array key "show_ads" in /home/simpunter7/dev.bentattersfield.com/php/app/home.php on line 215
[24-Apr-2023 23:43:18 Pacific/Auckland] PHP Warning:  Undefined array key "live_chat" in /home/simpunter7/dev.bentattersfield.com/php/app/home.php on line 216
[24-Apr-2023 23:43:18 Pacific/Auckland] PHP Warning:  Undefined array key "ai_speech_to_text_limit" in /home/simpunter7/dev.bentattersfield.com/php/app/home.php on line 220
[24-Apr-2023 23:43:18 Pacific/Auckland] PHP Warning:  Undefined array key "ai_speech_to_text_limit" in /home/simpunter7/dev.bentattersfield.com/php/app/home.php on line 220
[24-Apr-2023 23:43:18 Pacific/Auckland] PHP Warning:  Undefined array key "ai_speech_to_text_file_limit" in /home/simpunter7/dev.bentattersfield.com/php/app/home.php on line 221
[24-Apr-2023 23:43:18 Pacific/Auckland] PHP Warning:  Undefined array key "ai_speech_to_text_file_limit" in /home/simpunter7/dev.bentattersfield.com/php/app/home.php on line 221
[24-Apr-2023 23:43:18 Pacific/Auckland] PHP Warning:  Undefined array key "show_ads" in /home/simpunter7/dev.bentattersfield.com/includes/functions/func.global.php on line 3224
[24-Apr-2023 23:43:18 Pacific/Auckland] PHP Warning:  Undefined array key "show_ads" in /home/simpunter7/dev.bentattersfield.com/includes/functions/func.global.php on line 3224
[24-Apr-2023 23:43:18 Pacific/Auckland] PHP Warning:  Undefined array key "show_ads" in /home/simpunter7/dev.bentattersfield.com/includes/functions/func.global.php on line 3224
[24-Apr-2023 23:43:18 Pacific/Auckland] PHP Warning:  Undefined array key "show_ads" in /home/simpunter7/dev.bentattersfield.com/includes/functions/func.global.php on line 3224
[24-Apr-2023 23:43:18 Pacific/Auckland] PHP Warning:  Undefined array key "show_ads" in /home/simpunter7/dev.bentattersfield.com/includes/functions/func.global.php on line 3224
[24-Apr-2023 23:43:18 Pacific/Auckland] PHP Warning:  Undefined array key "enable_live_chat" in /home/simpunter7/dev.bentattersfield.com/templates/classic-theme/index.php on line 351
[24-Apr-2023 23:43:18 Pacific/Auckland] PHP Warning:  Undefined array key "enable_live_chat" in /home/simpunter7/dev.bentattersfield.com/templates/classic-theme/index.php on line 351
[24-Apr-2023 23:43:18 Pacific/Auckland] PHP Warning:  Undefined array key "enable_live_chat" in /home/simpunter7/dev.bentattersfield.com/templates/classic-theme/index.php on line 351
[24-Apr-2023 23:43:18 Pacific/Auckland] PHP Warning:  Undefined array key "show_ads" in /home/simpunter7/dev.bentattersfield.com/includes/functions/func.global.php on line 3224
[24-Apr-2023 23:43:18 Pacific/Auckland] PHP Warning:  Undefined array key "show_ads" in /home/simpunter7/dev.bentattersfield.com/includes/functions/func.global.php on line 3224
[24-Apr-2023 23:43:18 Pacific/Auckland] PHP Warning:  Undefined array key "show_ads" in /home/simpunter7/dev.bentattersfield.com/includes/functions/func.global.php on line 3224
[24-Apr-2023 23:43:18 Pacific/Auckland] PHP Warning:  Undefined array key "show_ads" in /home/simpunter7/dev.bentattersfield.com/includes/functions/func.global.php on line 3224
